Base path: 'C:/Program Files/Unity/Hub/Editor/2019.2.6f1/Editor/Data', plugins path 'C:/Program Files/Unity/Hub/Editor/2019.2.6f1/Editor/Data/PlaybackEngines'
Cmd: initializeCompiler
Cmd: compileComputeKernel
  api=4 insize=15603 outsize=22333 ok=1
Cmd: compileComputeKernel
  api=4 insize=15603 outsize=32155 ok=1
Cmd: compileComputeKernel
  api=4 insize=15603 outsize=48580 ok=1
Cmd: compileComputeKernel
  api=4 insize=15603 outsize=35776 ok=1
Cmd: compileComputeKernel
  api=4 insize=15603 outsize=42637 ok=1
Cmd: compileComputeKernel
  api=4 insize=15603 outsize=57579 ok=1
Cmd: compileComputeKernel
  api=4 insize=15603 outsize=34753 ok=1
Cmd: compileComputeKernel
  api=4 insize=15603 outsize=98233 ok=1
Cmd: compileComputeKernel
  api=4 insize=25750 outsize=16121 ok=1
Cmd: compileComputeKernel
  api=4 insize=3797 outsize=1744 ok=1
Cmd: compileComputeKernel
  api=4 insize=5767 outsize=5733 ok=1
Cmd: compileComputeKernel
  api=4 insize=1042 outsize=3163 ok=1
Cmd: compileComputeKernel
  api=4 insize=4025 outsize=645 ok=1
Cmd: compileComputeKernel
  api=4 insize=3257 outsize=2371 ok=1
Cmd: compileComputeKernel
  api=4 insize=13624 outsize=3986 ok=1
Cmd: compileComputeKernel
  api=4 insize=21554 outsize=15086 ok=1
Cmd: compileComputeKernel
  api=4 insize=7918 outsize=317 ok=1
Cmd: compileComputeKernel
  api=4 insize=857 outsize=578 ok=1
Cmd: compileComputeKernel
  api=4 insize=36515 outsize=35084 ok=1
Cmd: compileComputeKernel
  api=4 insize=36515 outsize=37474 ok=1
Cmd: compileComputeKernel
  api=4 insize=17606 outsize=7333 ok=1
Cmd: compileComputeKernel
  api=4 insize=5065 outsize=898 ok=1
Cmd: compileComputeKernel
  api=4 insize=7700 outsize=5466 ok=1
Cmd: compileComputeKernel
  api=4 insize=3918 outsize=662 ok=1
Cmd: compileComputeKernel
  api=4 insize=17632 outsize=2481 ok=1
Cmd: compileComputeKernel
  api=4 insize=2510 outsize=756 ok=1
Cmd: compileSnippet
  api=4 type=0 insize=2295 outsize=858 kw= pd=UNITY_ENABLE_REFLECTION_BUFFERS UNITY_USE_DITHER_MASK_FOR_ALPHABLENDED_SHADOWS UNITY_PBS_USE_BRDF1 UNITY_SPECCUBE_BOX_PROJECTION UNITY_SPECCUBE_BLENDING UNITY_ENABLE_DETAIL_NORMALMAP SHADER_API_DESKTOP UNITY_LIGHT_PROBE_PROXY_VOLUME UNITY_LIGHTMAP_FULL_HDR ok=1
Cmd: compileSnippet
  api=4 type=0 insize=6573 outsize=1834 kw=UNITY_PASS_MOTIONVECTORS _NORMALMAP_TANGENT_SPACE pd=UNITY_ENABLE_REFLECTION_BUFFERS UNITY_USE_DITHER_MASK_FOR_ALPHABLENDED_SHADOWS UNITY_PBS_USE_BRDF1 UNITY_SPECCUBE_BOX_PROJECTION UNITY_SPECCUBE_BLENDING UNITY_ENABLE_DETAIL_NORMALMAP SHADER_API_DESKTOP UNITY_LIGHT_PROBE_PROXY_VOLUME UNITY_LIGHTMAP_FULL_HDR ok=1
