Base path: 'C:/Program Files/Unity/Hub/Editor/2019.2.6f1/Editor/Data', plugins path 'C:/Program Files/Unity/Hub/Editor/2019.2.6f1/Editor/Data/PlaybackEngines'
Cmd: initializeCompiler
Cmd: compileComputeKernel
  api=4 insize=15603 outsize=40188 ok=1
Cmd: compileComputeKernel
  api=4 insize=15603 outsize=32116 ok=1
Cmd: compileComputeKernel
  api=4 insize=15603 outsize=33084 ok=1
Cmd: compileComputeKernel
  api=4 insize=15603 outsize=32144 ok=1
Cmd: compileComputeKernel
  api=4 insize=15603 outsize=15264 ok=1
Cmd: compileComputeKernel
  api=4 insize=15603 outsize=35216 ok=1
Cmd: compileComputeKernel
  api=4 insize=15603 outsize=33824 ok=1
Cmd: compileComputeKernel
  api=4 insize=15603 outsize=44718 ok=1
Cmd: compileComputeKernel
  api=4 insize=15603 outsize=50829 ok=1
Cmd: compileComputeKernel
  api=4 insize=25750 outsize=15619 ok=1
Cmd: compileComputeKernel
  api=4 insize=9461 outsize=3340 ok=1
Cmd: compileComputeKernel
  api=4 insize=4918 outsize=2350 ok=1
Cmd: compileComputeKernel
  api=4 insize=11912 outsize=1307 ok=1
Cmd: compileComputeKernel
  api=4 insize=7423 outsize=1322 ok=1
Cmd: compileComputeKernel
  api=4 insize=2905 outsize=1865 ok=1
Cmd: compileComputeKernel
  api=4 insize=642 outsize=741 ok=1
Cmd: compileComputeKernel
  api=4 insize=4423 outsize=2453 ok=1
Cmd: compileComputeKernel
  api=4 insize=3022 outsize=494 ok=1
Cmd: compileComputeKernel
  api=4 insize=36515 outsize=33663 ok=1
Cmd: compileComputeKernel
  api=4 insize=5477 outsize=1267 ok=1
Cmd: compileComputeKernel
  api=4 insize=17606 outsize=8154 ok=1
Cmd: compileComputeKernel
  api=4 insize=5065 outsize=4889 ok=1
Cmd: compileComputeKernel
  api=4 insize=15717 outsize=7553 ok=1
Cmd: compileComputeKernel
  api=4 insize=2596 outsize=2268 ok=1
Cmd: compileComputeKernel
  api=4 insize=3043 outsize=2756 ok=1
Cmd: compileComputeKernel
  api=4 insize=7700 outsize=4491 ok=1
Cmd: compileComputeKernel
  api=4 insize=3918 outsize=885 ok=1
Cmd: compileComputeKernel
  api=4 insize=17632 outsize=638 ok=1
Cmd: compileSnippet
  api=4 type=0 insize=6670 outsize=810 kw=_NORMALMAP_TANGENT_SPACE _NORMALMAP _MASKMAP _EMISSIVE_COLOR_MAP pd=UNITY_ENABLE_REFLECTION_BUFFERS UNITY_USE_DITHER_MASK_FOR_ALPHABLENDED_SHADOWS UNITY_PBS_USE_BRDF1 UNITY_SPECCUBE_BOX_PROJECTION UNITY_SPECCUBE_BLENDING UNITY_ENABLE_DETAIL_NORMALMAP SHADER_API_DESKTOP UNITY_LIGHT_PROBE_PROXY_VOLUME UNITY_LIGHTMAP_FULL_HDR ok=1
