Base path: 'C:/Program Files/Unity/Hub/Editor/2019.2.6f1/Editor/Data', plugins path 'C:/Program Files/Unity/Hub/Editor/2019.2.6f1/Editor/Data/PlaybackEngines'
Cmd: initializeCompiler
Cmd: compileComputeKernel
  api=4 insize=18610 outsize=1491 ok=1
Cmd: compileComputeKernel
  api=4 insize=15603 outsize=29747 ok=1
Cmd: compileComputeKernel
  api=4 insize=15603 outsize=45420 ok=1
Cmd: compileComputeKernel
  api=4 insize=15603 outsize=35912 ok=1
Cmd: compileComputeKernel
  api=4 insize=15603 outsize=74855 ok=1
Cmd: compileComputeKernel
  api=4 insize=15603 outsize=33829 ok=1
Cmd: compileComputeKernel
  api=4 insize=15603 outsize=77296 ok=1
Cmd: compileComputeKernel
  api=4 insize=7423 outsize=1128 ok=1
Cmd: compileComputeKernel
  api=4 insize=3092 outsize=1980 ok=1
Cmd: compileComputeKernel
  api=4 insize=13624 outsize=4058 ok=1
Cmd: compileComputeKernel
  api=4 insize=2643 outsize=1197 ok=1
Cmd: compileComputeKernel
  api=4 insize=1834 outsize=1067 ok=1
Cmd: compileComputeKernel
  api=4 insize=7918 outsize=695 ok=1
Cmd: compileComputeKernel
  api=4 insize=20668 outsize=27771 ok=1
Cmd: compileComputeKernel
  api=4 insize=36515 outsize=36014 ok=1
Cmd: compileComputeKernel
  api=4 insize=36515 outsize=33663 ok=1
Cmd: compileComputeKernel
  api=4 insize=5065 outsize=899 ok=1
Cmd: compileComputeKernel
  api=4 insize=824 outsize=330 ok=1
Cmd: compileComputeKernel
  api=4 insize=8970 outsize=4890 ok=1
Cmd: compileComputeKernel
  api=4 insize=7700 outsize=7862 ok=1
Cmd: compileComputeKernel
  api=4 insize=3918 outsize=2830 ok=1
Cmd: compileComputeKernel
  api=4 insize=17632 outsize=5562 ok=1
Cmd: compileSnippet
  api=4 type=0 insize=6670 outsize=810 kw=_NORMALMAP_TANGENT_SPACE pd=UNITY_ENABLE_REFLECTION_BUFFERS UNITY_USE_DITHER_MASK_FOR_ALPHABLENDED_SHADOWS UNITY_PBS_USE_BRDF1 UNITY_SPECCUBE_BOX_PROJECTION UNITY_SPECCUBE_BLENDING UNITY_ENABLE_DETAIL_NORMALMAP SHADER_API_DESKTOP UNITY_LIGHT_PROBE_PROXY_VOLUME UNITY_LIGHTMAP_FULL_HDR ok=1
Cmd: compileSnippet
  api=4 type=1 insize=6573 outsize=562 kw=UNITY_PASS_MOTIONVECTORS _NORMALMAP_TANGENT_SPACE pd=UNITY_ENABLE_REFLECTION_BUFFERS UNITY_USE_DITHER_MASK_FOR_ALPHABLENDED_SHADOWS UNITY_PBS_USE_BRDF1 UNITY_SPECCUBE_BOX_PROJECTION UNITY_SPECCUBE_BLENDING UNITY_ENABLE_DETAIL_NORMALMAP SHADER_API_DESKTOP UNITY_LIGHT_PROBE_PROXY_VOLUME UNITY_LIGHTMAP_FULL_HDR ok=1

Quitting shader compiler process
